2018-08-29 22:01:05.255  [http-nio-8090-exec-9] DEBUG [com.mooc.house.biz.mapper.HouseMapper.selectPageHouses:] http-nio-8090-exec-9cid - ==>  Preparing: select a.id, a.type, a.name, a.price, a.images, a.area, a.beds, a.baths, a.rating, a.remarks, a.properties, a.floor_plan, a.tags, a.create_time, a.city_id, a.community_id, a.address, a.state from house a WHERE state = 1 order by a.create_time desc limit ?,? 
2018-08-29 22:01:05.258  [http-nio-8090-exec-9] DEBUG [com.mooc.house.biz.mapper.HouseMapper.selectPageHouses:] http-nio-8090-exec-9cid - ==> Parameters: 0(Integer), 5(Integer)
2018-08-29 22:01:05.274  [http-nio-8090-exec-9] DEBUG [com.mooc.house.biz.mapper.HouseMapper.selectPageHouses:] http-nio-8090-exec-9cid - <==      Total: 5
2018-08-29 22:01:05.276  [http-nio-8090-exec-9] DEBUG [com.mooc.house.biz.mapper.HouseMapper.selectPageCount:] http-nio-8090-exec-9cid - ==>  Preparing: select count(id) from house a WHERE state = 1 
2018-08-29 22:01:05.276  [http-nio-8090-exec-9] DEBUG [com.mooc.house.biz.mapper.HouseMapper.selectPageCount:] http-nio-8090-exec-9cid - ==> Parameters: 
2018-08-29 22:01:05.278  [http-nio-8090-exec-9] DEBUG [com.mooc.house.biz.mapper.HouseMapper.selectPageCount:] http-nio-8090-exec-9cid - <==      Total: 1
2018-08-29 22:02:56.401  [http-nio-8090-exec-2] DEBUG [com.mooc.house.biz.mapper.HouseMapper.selectPageHouses:] http-nio-8090-exec-2cid - ==>  Preparing: select a.id, a.type, a.name, a.price, a.images, a.area, a.beds, a.baths, a.rating, a.remarks, a.properties, a.floor_plan, a.tags, a.create_time, a.city_id, a.community_id, a.address, a.state from house a WHERE state = 1 order by a.create_time desc limit ?,? 
2018-08-29 22:02:56.556  [http-nio-8090-exec-2] DEBUG [com.mooc.house.biz.mapper.HouseMapper.selectPageHouses:] http-nio-8090-exec-2cid - ==> Parameters: 0(Integer), 5(Integer)
2018-08-29 22:02:56.631  [http-nio-8090-exec-2] DEBUG [com.mooc.house.biz.mapper.HouseMapper.selectPageHouses:] http-nio-8090-exec-2cid - <==      Total: 5
2018-08-29 22:02:56.656  [http-nio-8090-exec-2] DEBUG [com.mooc.house.biz.mapper.HouseMapper.selectPageCount:] http-nio-8090-exec-2cid - ==>  Preparing: select count(id) from house a WHERE state = 1 
2018-08-29 22:02:56.663  [http-nio-8090-exec-2] DEBUG [com.mooc.house.biz.mapper.HouseMapper.selectPageCount:] http-nio-8090-exec-2cid - ==> Parameters: 
2018-08-29 22:02:56.665  [http-nio-8090-exec-2] DEBUG [com.mooc.house.biz.mapper.HouseMapper.selectPageCount:] http-nio-8090-exec-2cid - <==      Total: 1
2018-08-29 22:04:33.145  [http-nio-8090-exec-2] DEBUG [com.mooc.house.biz.mapper.HouseMapper.selectPageHouses:] http-nio-8090-exec-2cid - ==>  Preparing: select a.id, a.type, a.name, a.price, a.images, a.area, a.beds, a.baths, a.rating, a.remarks, a.properties, a.floor_plan, a.tags, a.create_time, a.city_id, a.community_id, a.address, a.state from house a WHERE state = 1 and a.type = ? order by a.create_time desc limit ?,? 
2018-08-29 22:04:33.149  [http-nio-8090-exec-2] DEBUG [com.mooc.house.biz.mapper.HouseMapper.selectPageHouses:] http-nio-8090-exec-2cid - ==> Parameters: 2(Integer), 0(Integer), 5(Integer)
2018-08-29 22:04:33.156  [http-nio-8090-exec-2] DEBUG [com.mooc.house.biz.mapper.HouseMapper.selectPageHouses:] http-nio-8090-exec-2cid - <==      Total: 1
2018-08-29 22:04:33.158  [http-nio-8090-exec-2] DEBUG [com.mooc.house.biz.mapper.HouseMapper.selectPageCount:] http-nio-8090-exec-2cid - ==>  Preparing: select count(id) from house a WHERE state = 1 and a.type = ? 
2018-08-29 22:04:33.159  [http-nio-8090-exec-2] DEBUG [com.mooc.house.biz.mapper.HouseMapper.selectPageCount:] http-nio-8090-exec-2cid - ==> Parameters: 2(Integer)
2018-08-29 22:04:33.161  [http-nio-8090-exec-2] DEBUG [com.mooc.house.biz.mapper.HouseMapper.selectPageCount:] http-nio-8090-exec-2cid - <==      Total: 1
2018-08-29 22:07:40.821  [http-nio-8090-exec-4] DEBUG [com.mooc.house.biz.mapper.HouseMapper.selectPageHouses:] http-nio-8090-exec-4cid - ==>  Preparing: select a.id, a.type, a.name, a.price, a.images, a.area, a.beds, a.baths, a.rating, a.remarks, a.properties, a.floor_plan, a.tags, a.create_time, a.city_id, a.community_id, a.address, a.state from house a WHERE state = 1 and a.type = ? order by a.create_time desc limit ?,? 
2018-08-29 22:07:40.823  [http-nio-8090-exec-4] DEBUG [com.mooc.house.biz.mapper.HouseMapper.selectPageHouses:] http-nio-8090-exec-4cid - ==> Parameters: 2(Integer), 0(Integer), 5(Integer)
2018-08-29 22:07:40.828  [http-nio-8090-exec-4] DEBUG [com.mooc.house.biz.mapper.HouseMapper.selectPageHouses:] http-nio-8090-exec-4cid - <==      Total: 1
2018-08-29 22:08:09.352  [http-nio-8090-exec-4] DEBUG [com.mooc.house.biz.mapper.HouseMapper.selectPageCount:] http-nio-8090-exec-4cid - ==>  Preparing: select count(id) from house a WHERE state = 1 and a.type = ? 
2018-08-29 22:08:09.354  [http-nio-8090-exec-4] DEBUG [com.mooc.house.biz.mapper.HouseMapper.selectPageCount:] http-nio-8090-exec-4cid - ==> Parameters: 2(Integer)
2018-08-29 22:08:09.357  [http-nio-8090-exec-4] DEBUG [com.mooc.house.biz.mapper.HouseMapper.selectPageCount:] http-nio-8090-exec-4cid - <==      Total: 1
2018-08-29 22:09:25.527  [http-nio-8090-exec-6] DEBUG [com.mooc.house.biz.mapper.HouseMapper.selectPageHouses:] http-nio-8090-exec-6cid - ==>  Preparing: select a.id, a.type, a.name, a.price, a.images, a.area, a.beds, a.baths, a.rating, a.remarks, a.properties, a.floor_plan, a.tags, a.create_time, a.city_id, a.community_id, a.address, a.state from house a WHERE state = 1 and a.type = ? order by a.create_time desc limit ?,? 
2018-08-29 22:09:25.532  [http-nio-8090-exec-6] DEBUG [com.mooc.house.biz.mapper.HouseMapper.selectPageHouses:] http-nio-8090-exec-6cid - ==> Parameters: 2(Integer), 0(Integer), 5(Integer)
2018-08-29 22:09:25.536  [http-nio-8090-exec-6] DEBUG [com.mooc.house.biz.mapper.HouseMapper.selectPageHouses:] http-nio-8090-exec-6cid - <==      Total: 1
2018-08-29 22:09:25.538  [http-nio-8090-exec-6] DEBUG [com.mooc.house.biz.mapper.HouseMapper.selectPageCount:] http-nio-8090-exec-6cid - ==>  Preparing: select count(id) from house a WHERE state = 1 and a.type = ? 
2018-08-29 22:09:25.538  [http-nio-8090-exec-6] DEBUG [com.mooc.house.biz.mapper.HouseMapper.selectPageCount:] http-nio-8090-exec-6cid - ==> Parameters: 2(Integer)
2018-08-29 22:09:25.540  [http-nio-8090-exec-6] DEBUG [com.mooc.house.biz.mapper.HouseMapper.selectPageCount:] http-nio-8090-exec-6cid - <==      Total: 1
2018-08-29 22:10:21.061  [http-nio-8090-exec-2] DEBUG [com.mooc.house.biz.mapper.HouseMapper.selectPageHouses:] http-nio-8090-exec-2cid - ==>  Preparing: select a.id, a.type, a.name, a.price, a.images, a.area, a.beds, a.baths, a.rating, a.remarks, a.properties, a.floor_plan, a.tags, a.create_time, a.city_id, a.community_id, a.address, a.state from house a WHERE state = 1 and a.type = ? order by a.create_time desc limit ?,? 
2018-08-29 22:10:21.782  [http-nio-8090-exec-2] DEBUG [com.mooc.house.biz.mapper.HouseMapper.selectPageHouses:] http-nio-8090-exec-2cid - ==> Parameters: 2(Integer), 0(Integer), 5(Integer)
2018-08-29 22:10:22.009  [http-nio-8090-exec-2] DEBUG [com.mooc.house.biz.mapper.HouseMapper.selectPageHouses:] http-nio-8090-exec-2cid - <==      Total: 1
2018-08-29 22:10:22.032  [http-nio-8090-exec-2] DEBUG [com.mooc.house.biz.mapper.HouseMapper.selectPageCount:] http-nio-8090-exec-2cid - ==>  Preparing: select count(id) from house a WHERE state = 1 and a.type = ? 
2018-08-29 22:10:22.040  [http-nio-8090-exec-2] DEBUG [com.mooc.house.biz.mapper.HouseMapper.selectPageCount:] http-nio-8090-exec-2cid - ==> Parameters: 2(Integer)
2018-08-29 22:10:22.042  [http-nio-8090-exec-2] DEBUG [com.mooc.house.biz.mapper.HouseMapper.selectPageCount:] http-nio-8090-exec-2cid - <==      Total: 1
2018-08-29 22:39:30.696  [http-nio-8090-exec-1] DEBUG [com.mooc.house.biz.mapper.HouseMapper.selectPageHouses:] http-nio-8090-exec-1cid - ==>  Preparing: select a.id, a.type, a.name, a.price, a.images, a.area, a.beds, a.baths, a.rating, a.remarks, a.properties, a.floor_plan, a.tags, a.create_time, a.city_id, a.community_id, a.address, a.state from house a WHERE state = 1 order by a.create_time desc limit ?,? 
2018-08-29 22:39:30.875  [http-nio-8090-exec-1] DEBUG [com.mooc.house.biz.mapper.HouseMapper.selectPageHouses:] http-nio-8090-exec-1cid - ==> Parameters: 0(Integer), 5(Integer)
2018-08-29 22:39:30.965  [http-nio-8090-exec-1] DEBUG [com.mooc.house.biz.mapper.HouseMapper.selectPageHouses:] http-nio-8090-exec-1cid - <==      Total: 5
2018-08-29 22:40:24.560  [http-nio-8090-exec-1] DEBUG [com.mooc.house.biz.mapper.HouseMapper.selectPageCount:] http-nio-8090-exec-1cid - ==>  Preparing: select count(id) from house a WHERE state = 1 
2018-08-29 22:40:24.571  [http-nio-8090-exec-1] DEBUG [com.mooc.house.biz.mapper.HouseMapper.selectPageCount:] http-nio-8090-exec-1cid - ==> Parameters: 
2018-08-29 22:40:24.575  [http-nio-8090-exec-1] DEBUG [com.mooc.house.biz.mapper.HouseMapper.selectPageCount:] http-nio-8090-exec-1cid - <==      Total: 1
2018-08-29 22:40:30.795  [http-nio-8090-exec-8] DEBUG [com.mooc.house.biz.mapper.HouseMapper.selectPageHouses:] http-nio-8090-exec-8cid - ==>  Preparing: select a.id, a.type, a.name, a.price, a.images, a.area, a.beds, a.baths, a.rating, a.remarks, a.properties, a.floor_plan, a.tags, a.create_time, a.city_id, a.community_id, a.address, a.state from house a WHERE state = 1 and a.id = ? order by a.create_time desc limit ?,? 
2018-08-29 22:40:30.806  [http-nio-8090-exec-8] DEBUG [com.mooc.house.biz.mapper.HouseMapper.selectPageHouses:] http-nio-8090-exec-8cid - ==> Parameters: 45(Long), 0(Integer), 1(Integer)
2018-08-29 22:40:30.813  [http-nio-8090-exec-8] DEBUG [com.mooc.house.biz.mapper.HouseMapper.selectPageHouses:] http-nio-8090-exec-8cid - <==      Total: 1
2018-08-29 22:40:30.814  [http-nio-8090-exec-8] DEBUG [com.mooc.house.biz.mapper.HouseMapper.selectSaleHouseUser:] http-nio-8090-exec-8cid - ==>  Preparing: select id,house_id,user_id,create_time,type from house_user where house_id = ? and type = 1 limit 1 
2018-08-29 22:40:30.815  [http-nio-8090-exec-8] DEBUG [com.mooc.house.biz.mapper.HouseMapper.selectSaleHouseUser:] http-nio-8090-exec-8cid - ==> Parameters: 45(Long)
2018-08-29 22:40:30.820  [http-nio-8090-exec-8] DEBUG [com.mooc.house.biz.mapper.HouseMapper.selectSaleHouseUser:] http-nio-8090-exec-8cid - <==      Total: 1
2018-08-29 22:43:33.954  [http-nio-8090-exec-1] DEBUG [com.mooc.house.biz.mapper.HouseMapper.selectPageHouses:] http-nio-8090-exec-1cid - ==>  Preparing: select a.id, a.type, a.name, a.price, a.images, a.area, a.beds, a.baths, a.rating, a.remarks, a.properties, a.floor_plan, a.tags, a.create_time, a.city_id, a.community_id, a.address, a.state from house a WHERE state = 1 and a.id = ? order by a.create_time desc limit ?,? 
2018-08-29 22:43:34.021  [http-nio-8090-exec-1] DEBUG [com.mooc.house.biz.mapper.HouseMapper.selectPageHouses:] http-nio-8090-exec-1cid - ==> Parameters: 45(Long), 0(Integer), 1(Integer)
2018-08-29 22:43:34.083  [http-nio-8090-exec-1] DEBUG [com.mooc.house.biz.mapper.HouseMapper.selectPageHouses:] http-nio-8090-exec-1cid - <==      Total: 1
2018-08-29 22:43:34.104  [http-nio-8090-exec-1] DEBUG [com.mooc.house.biz.mapper.HouseMapper.selectSaleHouseUser:] http-nio-8090-exec-1cid - ==>  Preparing: select id,house_id,user_id,create_time,type from house_user where house_id = ? and type = 1 limit 1 
2018-08-29 22:43:34.104  [http-nio-8090-exec-1] DEBUG [com.mooc.house.biz.mapper.HouseMapper.selectSaleHouseUser:] http-nio-8090-exec-1cid - ==> Parameters: 45(Long)
2018-08-29 22:43:34.108  [http-nio-8090-exec-1] DEBUG [com.mooc.house.biz.mapper.HouseMapper.selectSaleHouseUser:] http-nio-8090-exec-1cid - <==      Total: 1
2018-08-29 22:46:55.181  [http-nio-8090-exec-1] DEBUG [com.mooc.house.biz.mapper.HouseMapper.selectPageHouses:] http-nio-8090-exec-1cid - ==>  Preparing: select a.id, a.type, a.name, a.price, a.images, a.area, a.beds, a.baths, a.rating, a.remarks, a.properties, a.floor_plan, a.tags, a.create_time, a.city_id, a.community_id, a.address, a.state from house a WHERE state = 1 and a.id = ? order by a.create_time desc limit ?,? 
2018-08-29 22:46:55.241  [http-nio-8090-exec-1] DEBUG [com.mooc.house.biz.mapper.HouseMapper.selectPageHouses:] http-nio-8090-exec-1cid - ==> Parameters: 45(Long), 0(Integer), 1(Integer)
2018-08-29 22:46:55.294  [http-nio-8090-exec-1] DEBUG [com.mooc.house.biz.mapper.HouseMapper.selectPageHouses:] http-nio-8090-exec-1cid - <==      Total: 1
2018-08-29 22:46:55.313  [http-nio-8090-exec-1] DEBUG [com.mooc.house.biz.mapper.HouseMapper.selectSaleHouseUser:] http-nio-8090-exec-1cid - ==>  Preparing: select id,house_id,user_id,create_time,type from house_user where house_id = ? and type = 1 limit 1 
2018-08-29 22:46:55.314  [http-nio-8090-exec-1] DEBUG [com.mooc.house.biz.mapper.HouseMapper.selectSaleHouseUser:] http-nio-8090-exec-1cid - ==> Parameters: 45(Long)
2018-08-29 22:46:55.316  [http-nio-8090-exec-1] DEBUG [com.mooc.house.biz.mapper.HouseMapper.selectSaleHouseUser:] http-nio-8090-exec-1cid - <==      Total: 1
2018-08-29 22:46:55.320  [http-nio-8090-exec-1] DEBUG [com.mooc.house.biz.mapper.AgencyMapper.selectAgent:] http-nio-8090-exec-1cid - ==>  Preparing: select * from user WHERE enable = 1 and type = 2 and id = ? order by id desc limit ?, ? 
2018-08-29 22:46:55.323  [http-nio-8090-exec-1] DEBUG [com.mooc.house.biz.mapper.AgencyMapper.selectAgent:] http-nio-8090-exec-1cid - ==> Parameters: 7(Long), 0(Integer), 1(Integer)
2018-08-29 22:46:55.327  [http-nio-8090-exec-1] DEBUG [com.mooc.house.biz.mapper.AgencyMapper.selectAgent:] http-nio-8090-exec-1cid - <==      Total: 1
2018-08-29 22:46:55.331  [http-nio-8090-exec-1] DEBUG [com.mooc.house.biz.mapper.AgencyMapper.select:] http-nio-8090-exec-1cid - ==>  Preparing: select id , name, address, phone, email, about_us, mobile, web_site from agency WHERE id = ? 
2018-08-29 22:46:55.332  [http-nio-8090-exec-1] DEBUG [com.mooc.house.biz.mapper.AgencyMapper.select:] http-nio-8090-exec-1cid - ==> Parameters: 1(Integer)
2018-08-29 22:46:55.336  [http-nio-8090-exec-1] DEBUG [com.mooc.house.biz.mapper.AgencyMapper.select:] http-nio-8090-exec-1cid - <==      Total: 1
2018-08-29 22:48:38.701  [http-nio-8090-exec-1] DEBUG [com.mooc.house.biz.mapper.HouseMapper.selectPageHouses:] http-nio-8090-exec-1cid - ==>  Preparing: select a.id, a.type, a.name, a.price, a.images, a.area, a.beds, a.baths, a.rating, a.remarks, a.properties, a.floor_plan, a.tags, a.create_time, a.city_id, a.community_id, a.address, a.state from house a WHERE state = 1 order by a.create_time desc limit ?,? 
2018-08-29 22:48:38.703  [http-nio-8090-exec-1] DEBUG [com.mooc.house.biz.mapper.HouseMapper.selectPageHouses:] http-nio-8090-exec-1cid - ==> Parameters: 0(Integer), 5(Integer)
2018-08-29 22:48:38.718  [http-nio-8090-exec-1] DEBUG [com.mooc.house.biz.mapper.HouseMapper.selectPageHouses:] http-nio-8090-exec-1cid - <==      Total: 5
2018-08-29 22:48:38.719  [http-nio-8090-exec-1] DEBUG [com.mooc.house.biz.mapper.HouseMapper.selectPageCount:] http-nio-8090-exec-1cid - ==>  Preparing: select count(id) from house a WHERE state = 1 
2018-08-29 22:48:38.728  [http-nio-8090-exec-1] DEBUG [com.mooc.house.biz.mapper.HouseMapper.selectPageCount:] http-nio-8090-exec-1cid - ==> Parameters: 
2018-08-29 22:48:38.731  [http-nio-8090-exec-1] DEBUG [com.mooc.house.biz.mapper.HouseMapper.selectPageCount:] http-nio-8090-exec-1cid - <==      Total: 1
2018-08-29 22:48:42.883  [http-nio-8090-exec-5] DEBUG [com.mooc.house.biz.mapper.HouseMapper.selectPageHouses:] http-nio-8090-exec-5cid - ==>  Preparing: select a.id, a.type, a.name, a.price, a.images, a.area, a.beds, a.baths, a.rating, a.remarks, a.properties, a.floor_plan, a.tags, a.create_time, a.city_id, a.community_id, a.address, a.state from house a WHERE state = 1 and a.id = ? order by a.create_time desc limit ?,? 
2018-08-29 22:48:42.886  [http-nio-8090-exec-5] DEBUG [com.mooc.house.biz.mapper.HouseMapper.selectPageHouses:] http-nio-8090-exec-5cid - ==> Parameters: 44(Long), 0(Integer), 1(Integer)
2018-08-29 22:48:42.891  [http-nio-8090-exec-5] DEBUG [com.mooc.house.biz.mapper.HouseMapper.selectPageHouses:] http-nio-8090-exec-5cid - <==      Total: 1
2018-08-29 22:48:42.894  [http-nio-8090-exec-5] DEBUG [com.mooc.house.biz.mapper.HouseMapper.selectSaleHouseUser:] http-nio-8090-exec-5cid - ==>  Preparing: select id,house_id,user_id,create_time,type from house_user where house_id = ? and type = 1 limit 1 
2018-08-29 22:48:42.895  [http-nio-8090-exec-5] DEBUG [com.mooc.house.biz.mapper.HouseMapper.selectSaleHouseUser:] http-nio-8090-exec-5cid - ==> Parameters: 44(Long)
2018-08-29 22:48:42.898  [http-nio-8090-exec-5] DEBUG [com.mooc.house.biz.mapper.HouseMapper.selectSaleHouseUser:] http-nio-8090-exec-5cid - <==      Total: 1
2018-08-29 22:48:42.899  [http-nio-8090-exec-5] DEBUG [com.mooc.house.biz.mapper.AgencyMapper.selectAgent:] http-nio-8090-exec-5cid - ==>  Preparing: select * from user WHERE enable = 1 and type = 2 and id = ? order by id desc limit ?, ? 
2018-08-29 22:48:42.901  [http-nio-8090-exec-5] DEBUG [com.mooc.house.biz.mapper.AgencyMapper.selectAgent:] http-nio-8090-exec-5cid - ==> Parameters: 7(Long), 0(Integer), 1(Integer)
2018-08-29 22:48:42.903  [http-nio-8090-exec-5] DEBUG [com.mooc.house.biz.mapper.AgencyMapper.selectAgent:] http-nio-8090-exec-5cid - <==      Total: 1
2018-08-29 22:48:42.904  [http-nio-8090-exec-5] DEBUG [com.mooc.house.biz.mapper.AgencyMapper.select:] http-nio-8090-exec-5cid - ==>  Preparing: select id , name, address, phone, email, about_us, mobile, web_site from agency WHERE id = ? 
2018-08-29 22:48:42.905  [http-nio-8090-exec-5] DEBUG [com.mooc.house.biz.mapper.AgencyMapper.select:] http-nio-8090-exec-5cid - ==> Parameters: 1(Integer)
2018-08-29 22:48:42.909  [http-nio-8090-exec-5] DEBUG [com.mooc.house.biz.mapper.AgencyMapper.select:] http-nio-8090-exec-5cid - <==      Total: 1
2018-08-29 22:55:02.116  [http-nio-8090-exec-1] DEBUG [com.mooc.house.biz.mapper.HouseMapper.selectPageHouses:] http-nio-8090-exec-1cid - ==>  Preparing: select a.id, a.type, a.name, a.price, a.images, a.area, a.beds, a.baths, a.rating, a.remarks, a.properties, a.floor_plan, a.tags, a.create_time, a.city_id, a.community_id, a.address, a.state from house a WHERE state = 1 and a.id = ? order by a.create_time desc limit ?,? 
2018-08-29 22:55:02.191  [http-nio-8090-exec-1] DEBUG [com.mooc.house.biz.mapper.HouseMapper.selectPageHouses:] http-nio-8090-exec-1cid - ==> Parameters: 44(Long), 0(Integer), 1(Integer)
2018-08-29 22:55:02.255  [http-nio-8090-exec-1] DEBUG [com.mooc.house.biz.mapper.HouseMapper.selectPageHouses:] http-nio-8090-exec-1cid - <==      Total: 1
2018-08-29 22:55:02.275  [http-nio-8090-exec-1] DEBUG [com.mooc.house.biz.mapper.HouseMapper.selectSaleHouseUser:] http-nio-8090-exec-1cid - ==>  Preparing: select id,house_id,user_id,create_time,type from house_user where house_id = ? and type = 1 limit 1 
2018-08-29 22:55:02.276  [http-nio-8090-exec-1] DEBUG [com.mooc.house.biz.mapper.HouseMapper.selectSaleHouseUser:] http-nio-8090-exec-1cid - ==> Parameters: 44(Long)
2018-08-29 22:55:02.279  [http-nio-8090-exec-1] DEBUG [com.mooc.house.biz.mapper.HouseMapper.selectSaleHouseUser:] http-nio-8090-exec-1cid - <==      Total: 1
2018-08-29 22:55:02.283  [http-nio-8090-exec-1] DEBUG [com.mooc.house.biz.mapper.AgencyMapper.selectAgent:] http-nio-8090-exec-1cid - ==>  Preparing: select * from user WHERE enable = 1 and type = 2 and id = ? order by id desc limit ?, ? 
2018-08-29 22:55:02.285  [http-nio-8090-exec-1] DEBUG [com.mooc.house.biz.mapper.AgencyMapper.selectAgent:] http-nio-8090-exec-1cid - ==> Parameters: 7(Long), 0(Integer), 1(Integer)
2018-08-29 22:55:02.288  [http-nio-8090-exec-1] DEBUG [com.mooc.house.biz.mapper.AgencyMapper.selectAgent:] http-nio-8090-exec-1cid - <==      Total: 1
2018-08-29 22:55:02.292  [http-nio-8090-exec-1] DEBUG [com.mooc.house.biz.mapper.AgencyMapper.select:] http-nio-8090-exec-1cid - ==>  Preparing: select id , name, address, phone, email, about_us, mobile, web_site from agency WHERE id = ? 
2018-08-29 22:55:02.292  [http-nio-8090-exec-1] DEBUG [com.mooc.house.biz.mapper.AgencyMapper.select:] http-nio-8090-exec-1cid - ==> Parameters: 1(Integer)
2018-08-29 22:55:02.295  [http-nio-8090-exec-1] DEBUG [com.mooc.house.biz.mapper.AgencyMapper.select:] http-nio-8090-exec-1cid - <==      Total: 1
2018-08-29 22:55:05.345  [http-nio-8090-exec-3] DEBUG [com.mooc.house.biz.mapper.AgencyMapper.selectAgent:] http-nio-8090-exec-3cid - ==>  Preparing: select * from user WHERE enable = 1 and type = 2 order by id desc limit ?, ? 
2018-08-29 22:55:05.347  [http-nio-8090-exec-3] DEBUG [com.mooc.house.biz.mapper.AgencyMapper.selectAgent:] http-nio-8090-exec-3cid - ==> Parameters: 0(Integer), 6(Integer)
2018-08-29 22:55:05.355  [http-nio-8090-exec-3] DEBUG [com.mooc.house.biz.mapper.AgencyMapper.selectAgent:] http-nio-8090-exec-3cid - <==      Total: 6
2018-08-29 22:55:05.358  [http-nio-8090-exec-3] DEBUG [com.mooc.house.biz.mapper.AgencyMapper.selectAgentCount:] http-nio-8090-exec-3cid - ==>  Preparing: select count(id) from user WHERE enable =1 and type =2 
2018-08-29 22:55:05.368  [http-nio-8090-exec-3] DEBUG [com.mooc.house.biz.mapper.AgencyMapper.selectAgentCount:] http-nio-8090-exec-3cid - ==> Parameters: 
2018-08-29 22:55:05.371  [http-nio-8090-exec-3] DEBUG [com.mooc.house.biz.mapper.AgencyMapper.selectAgentCount:] http-nio-8090-exec-3cid - <==      Total: 1
2018-08-29 22:55:14.292  [http-nio-8090-exec-1] DEBUG [com.mooc.house.biz.mapper.AgencyMapper.selectAgent:] http-nio-8090-exec-1cid - ==>  Preparing: select * from user WHERE enable = 1 and type = 2 order by id desc limit ?, ? 
2018-08-29 22:55:14.295  [http-nio-8090-exec-1] DEBUG [com.mooc.house.biz.mapper.AgencyMapper.selectAgent:] http-nio-8090-exec-1cid - ==> Parameters: 6(Integer), 6(Integer)
2018-08-29 22:55:14.301  [http-nio-8090-exec-1] DEBUG [com.mooc.house.biz.mapper.AgencyMapper.selectAgent:] http-nio-8090-exec-1cid - <==      Total: 4
2018-08-29 22:55:14.303  [http-nio-8090-exec-1] DEBUG [com.mooc.house.biz.mapper.AgencyMapper.selectAgentCount:] http-nio-8090-exec-1cid - ==>  Preparing: select count(id) from user WHERE enable =1 and type =2 
2018-08-29 22:55:14.304  [http-nio-8090-exec-1] DEBUG [com.mooc.house.biz.mapper.AgencyMapper.selectAgentCount:] http-nio-8090-exec-1cid - ==> Parameters: 
2018-08-29 22:55:14.306  [http-nio-8090-exec-1] DEBUG [com.mooc.house.biz.mapper.AgencyMapper.selectAgentCount:] http-nio-8090-exec-1cid - <==      Total: 1
